<?xml version="1.0" encoding="UTF-8"?>
<!-- Generated by org.testng.reporters.JUnitReportReporter -->
<testsuite hostname="Supriya-PC" failures="0" tests="3" name="test.SubmitOrderTest" time="22.824" errors="0" timestamp="2025-03-10T16:26:09 IST" skipped="0">
  <testcase classname="test.SubmitOrderTest" name="submitOrder" time="8.102"/>
  <testcase classname="test.SubmitOrderTest" name="submitOrder" time="7.963"/>
  <testcase classname="test.SubmitOrderTest" name="verifyOrderHistory" time="6.759"/>
</testsuite> <!-- test.SubmitOrderTest -->
