<?xml version="1.0" encoding="UTF-8"?>
<!-- Generated by org.testng.reporters.JUnitReportReporter -->
<testsuite hostname="Supriya-PC" failures="0" tests="2" name="test.ErrorValidationTest" time="24.875" errors="0" timestamp="2025-03-11T16:12:48 IST" skipped="0">
  <testcase classname="test.ErrorValidationTest" name="loginValidation" time="11.058"/>
  <testcase classname="test.ErrorValidationTest" name="productValidation" time="13.817"/>
</testsuite> <!-- test.ErrorValidationTest -->
